2023-11-30 00:11:00 - INFO: System Recommendations:
2023-11-30 00:11:00 - INFO: - Moderate CPU usage. Monitor performance for potential upgrades.
2023-11-30 00:11:00 - INFO: - Moderate memory usage. Monitor performance for potential upgrades.
2023-11-30 00:11:08 - INFO: === System Recommendations ===
2023-11-30 00:11:10 - INFO: - Moderate memory usage. Monitor performance for potential upgrades.
2023-11-30 00:11:11 - INFO: CPU Usage: 4.8%
2023-11-30 00:11:11 - INFO: Memory Usage: 73.7%
2023-11-30 00:11:11 - INFO: CPU Temperature: 0.0°C
2023-11-30 00:11:11 - INFO: Total RAM: 8.00 GB
2023-11-30 00:11:11 - INFO: Active GPU: Apple M1:

      Chipset Model: Apple M1
      Type: GPU
      Bus: Built-In
      Total Number of Cores: 8
      Vendor: Apple (0x106b)
      Metal Support: Metal 3
2023-11-30 00:11:11 - INFO: === Hardware Information ===
System: Darwin 23.1.0 (64bit)
CPU: arm
2023-11-30 00:11:16 - INFO: Thank you for using PCtricorder!
